2026-03-29 21:04:30.768873||Err: name 'news' is not defined
2026-03-29 21:43:41.506183||Err: 'NoneType' object is not subscriptable
2026-03-29 21:43:50.854371||Err: list indices must be integers or slices, not str
2026-03-29 22:01:28.170941||Err: 'NoneType' object is not subscriptable
2026-03-29 22:01:36.855548||Err: list indices must be integers or slices, not str
2026-03-29 22:42:50.134056||Err: name 'news' is not defined
2026-03-29 23:04:54.855613||Err: name 'news' is not defined
2026-03-29 23:46:00.632305||Err: name 'news' is not defined
2026-03-30 01:04:21.386276||Err: name 'news' is not defined
2026-03-30 04:13:46.938563||Err: name 'news' is not defined
2026-03-30 06:07:47.477754||Err: name 'news' is not defined
2026-03-30 07:58:43.073158||Err: name 'news' is not defined
2026-03-30 09:18:13.050140||Err: name 'news' is not defined
2026-03-30 10:41:13.196488||Err: name 'news' is not defined
2026-03-30 11:39:43.002655||Err: name 'news' is not defined
2026-03-30 12:39:16.709097||Err: name 'news' is not defined
2026-03-30 14:09:52.550366||Err: name 'news' is not defined
2026-03-30 15:38:14.675357||Err: 'NoneType' object is not subscriptable
2026-03-30 15:38:24.528162||Err: list indices must be integers or slices, not str
2026-03-30 16:36:03.374501||Err: 'NoneType' object is not subscriptable
2026-03-30 16:36:15.817205||Err: list indices must be integers or slices, not str
2026-03-30 17:31:59.085042||Err: 'NoneType' object is not subscriptable
2026-03-30 17:32:08.359880||Err: list indices must be integers or slices, not str
2026-03-30 18:33:08.594301||Err: 'NoneType' object is not subscriptable
2026-03-30 18:33:15.804620||Err: list index out of range
2026-03-30 19:35:18.031639||Err: 'NoneType' object is not subscriptable
2026-03-30 19:35:29.780672||Err: list index out of range
2026-03-30 20:07:46.776797||Err: 'NoneType' object is not subscriptable
2026-03-30 20:07:52.237412||Err: list indices must be integers or slices, not str
2026-03-30 21:00:00.071972||Err: 'NoneType' object is not subscriptable
2026-03-30 21:00:08.098904||Err: list indices must be integers or slices, not str
2026-03-30 21:51:26.841273||Err: 'NoneType' object is not subscriptable
2026-03-30 21:51:36.037538||Err: list indices must be integers or slices, not str
2026-03-30 22:20:00.625811||Err: 'NoneType' object is not subscriptable
2026-03-30 22:20:08.852445||Err: list indices must be integers or slices, not str
2026-03-30 22:58:49.032950||Err: name 'news' is not defined
2026-03-30 23:40:30.303336||Err: 'NoneType' object is not subscriptable
2026-03-30 23:40:37.759530||Err: list indices must be integers or slices, not str
2026-03-31 00:03:50.525738||Err: 'NoneType' object is not subscriptable
2026-03-31 00:03:59.351998||Err: list indices must be integers or slices, not str
2026-03-31 03:25:20.235494||Err: name 'news' is not defined
2026-03-31 05:23:13.153496||Err: name 'news' is not defined
2026-03-31 06:45:55.933311||Err: name 'news' is not defined
2026-03-31 07:56:56.999671||Err: name 'news' is not defined
2026-03-31 08:59:48.609603||Err: name 'news' is not defined
2026-03-31 10:10:22.165624||Err: name 'news' is not defined
2026-03-31 11:09:32.110000||Err: name 'news' is not defined
2026-03-31 11:58:33.043397||Err: name 'news' is not defined
2026-03-31 13:41:35.159208||Err: name 'news' is not defined
2026-03-31 14:49:10.854176||Err: name 'news' is not defined
2026-03-31 15:54:11.156704||Err: name 'news' is not defined
2026-03-31 16:50:08.082338||Err: name 'news' is not defined
2026-03-31 17:43:39.316666||Err: name 'news' is not defined
2026-03-31 18:39:01.759937||Err: name 'news' is not defined
2026-03-31 19:39:25.926058||Err: name 'news' is not defined
2026-03-31 20:23:39.213185||Err: name 'news' is not defined
2026-03-31 21:00:09.687370||Err: name 'news' is not defined
2026-03-31 21:50:05.971994||Err: name 'news' is not defined
2026-03-31 22:21:48.316926||Err: name 'news' is not defined
2026-03-31 22:54:30.537517||Err: name 'news' is not defined
2026-03-31 23:27:49.665152||Err: name 'news' is not defined
2026-03-31 23:58:05.961659||Err: name 'news' is not defined
2026-04-01 02:51:14.533046||Err: name 'news' is not defined
2026-04-01 05:13:59.124390||Err: name 'news' is not defined
2026-04-01 06:54:44.973380||Err: name 'news' is not defined
2026-04-01 08:12:40.224166||Err: list index out of range
2026-04-01 09:35:32.080496||Err: name 'news' is not defined
2026-04-01 10:37:13.380363||Err: name 'news' is not defined
2026-04-01 11:33:08.507215||Err: name 'news' is not defined
2026-04-01 12:09:39.074132||Err: Message: Reached error page: about:neterror?e=dnsNotFound&u=https%3A//animepahe.si/api%3Fm%3Dairing%26page%3D1&c=UTF-8&d=We%20can%E2%80%99t%20connect%20to%20the%20server%20at%20animepahe.si.&a=
Stacktrace:
RemoteError@chrome://remote/content/shared/RemoteError.sys.mjs:8:8
WebDriverError@chrome://remote/content/shared/webdriver/Errors.sys.mjs:202:5
UnknownError@chrome://remote/content/shared/webdriver/Errors.sys.mjs:961:5
checkReadyState@chrome://remote/content/marionette/navigate.sys.mjs:59:24
onNavigation@chrome://remote/content/marionette/navigate.sys.mjs:351:39
emit@resource://gre/modules/EventEmitter.sys.mjs:156:19
receiveMessage@chrome://remote/content/marionette/actors/MarionetteEventsParent.sys.mjs:33:25

2026-04-01 14:03:31.573066||Err: Message: Reached error page: about:neterror?e=dnsNotFound&u=https%3A//animepahe.si/api%3Fm%3Dairing%26page%3D1&c=UTF-8&d=We%20can%E2%80%99t%20connect%20to%20the%20server%20at%20animepahe.si.&a=
Stacktrace:
RemoteError@chrome://remote/content/shared/RemoteError.sys.mjs:8:8
WebDriverError@chrome://remote/content/shared/webdriver/Errors.sys.mjs:202:5
UnknownError@chrome://remote/content/shared/webdriver/Errors.sys.mjs:961:5
checkReadyState@chrome://remote/content/marionette/navigate.sys.mjs:59:24
onNavigation@chrome://remote/content/marionette/navigate.sys.mjs:351:39
emit@resource://gre/modules/EventEmitter.sys.mjs:156:19
receiveMessage@chrome://remote/content/marionette/actors/MarionetteEventsParent.sys.mjs:33:25

2026-04-01 15:20:34.988383||Err: name 'news' is not defined
2026-04-01 16:14:37.387895||Err: name 'news' is not defined
2026-04-01 17:12:29.605762||Err: name 'news' is not defined
2026-04-01 18:02:59.479772||Err: name 'news' is not defined
2026-04-01 19:17:08.220072||Err: name 'news' is not defined
2026-04-01 20:03:15.689397||Err: name 'news' is not defined
2026-04-01 20:57:25.306139||Err: name 'news' is not defined
2026-04-01 21:42:09.289621||Err: name 'news' is not defined
2026-04-01 22:20:17.735411||Err: name 'news' is not defined
2026-04-01 22:59:58.305662||Err: name 'news' is not defined
2026-04-01 23:44:18.704631||Err: name 'news' is not defined
2026-04-02 00:03:01.409772||Err: name 'news' is not defined
2026-04-02 03:20:27.499985||Err: name 'news' is not defined
2026-04-02 05:15:38.933290||Err: name 'news' is not defined
2026-04-02 06:41:08.036912||Err: name 'news' is not defined
2026-04-02 07:49:42.223736||Err: name 'news' is not defined
2026-04-02 08:40:43.055352||Err: name 'news' is not defined
2026-04-02 09:42:44.487720||Err: name 'news' is not defined
2026-04-02 10:35:58.637575||Err: name 'news' is not defined
2026-04-02 11:28:09.885804||Err: name 'news' is not defined
2026-04-02 12:06:55.425936||Err: name 'news' is not defined
2026-04-02 13:52:54.114629||Err: name 'news' is not defined
2026-04-02 14:44:45.275444||Err: name 'news' is not defined
2026-04-02 15:42:49.380287||Err: name 'news' is not defined
2026-04-02 16:37:37.204708||Err: name 'news' is not defined
2026-04-02 17:30:06.067341||Err: name 'news' is not defined
2026-04-02 18:10:11.884381||Err: name 'news' is not defined
2026-04-02 19:14:34.540435||Err: name 'news' is not defined
